<?xml version="1.0" encoding="UTF-8"?>
<!-- Generated by org.testng.reporters.JUnitXMLReporter -->
<testsuite ignored="0" hostname="DESKTOP-PKTTQ2M" failures="0" tests="3" name="Default test" time="89.84" errors="0" timestamp="23 Mar 2020 07:47:08 GMT">
  <testcase classname="com.home.test.searchTest" name="searchTestLosAngeles" time="21.258"/>
  <testcase classname="com.home.test.searchTest" name="searchTestMiami" time="21.276"/>
  <testcase classname="com.home.test.searchTest" name="searchTestSeattle" time="20.733"/>
</testsuite> <!-- Default test -->
