<?xml version="1.0" encoding="UTF-8"?>
<!-- Generated by org.testng.reporters.JUnitXMLReporter -->
<testsuite ignored="0" hostname="DESKTOP-PKTTQ2M" failures="0" tests="3" name="Regression" time="91.031" errors="0" timestamp="23 Mar 2020 07:54:19 GMT">
  <testcase classname="test.searchTest" name="searchTestLosAngeles" time="22.085"/>
  <testcase classname="test.searchTest" name="searchTestMiami" time="20.904"/>
  <testcase classname="test.searchTest" name="searchTestSeattle" time="21.355"/>
</testsuite> <!-- Regression -->
