<?xml version="1.0" encoding="UTF-8"?>
<!-- Generated by org.testng.reporters.JUnitXMLReporter -->
<testsuite ignored="0" hostname="DESKTOP-TO7D7TJ" failures="0" tests="3" name="Regression" time="107.686" errors="0" timestamp="31 Mar 2020 06:20:51 GMT">
  <testcase classname="test.searchTest" name="searchTestMiami" time="27.341"/>
  <testcase classname="test.searchTest" name="searchTestLosAngeles" time="26.505"/>
  <testcase classname="test.searchTest" name="searchTestSeattle" time="24.212"/>
</testsuite> <!-- Regression -->
