<?xml version="1.0" encoding="UTF-8"?>
<testng-results ignored="0" total="3" passed="3" failed="0" skipped="0">
  <reporter-output>
  </reporter-output>
  <suite started-at="2020-03-24T21:35:10Z" name="Testing Property Searches" finished-at="2020-03-24T21:36:57Z" duration-ms="107637">
    <groups>
      <group name="searchTest">
        <method signature="searchTest.searchTestLosAngeles()[pri:2, instance:test.searchTest@13acb0d1]" name="searchTestLosAngeles" class="test.searchTest"/>
        <method signature="searchTest.searchTestMiami()[pri:1, instance:test.searchTest@13acb0d1]" name="searchTestMiami" class="test.searchTest"/>
        <method signature="searchTest.searchTestSeattle()[pri:3, instance:test.searchTest@13acb0d1]" name="searchTestSeattle" class="test.searchTest"/>
      </group> <!-- searchTest -->
    </groups>
    <test started-at="2020-03-24T21:35:10Z" name="Regression" finished-at="2020-03-24T21:36:57Z" duration-ms="107637">
      <class name="test.searchTest">
        <test-method is-config="true" signature="setUp(java.lang.String, org.testng.ITestContext)[pri:0, instance:test.searchTest@13acb0d1]" started-at="2020-03-24T21:35:10Z" name="setUp" finished-at="2020-03-24T21:35:19Z" duration-ms="9146" status="PASS">
          <params>
            <param index="0">
              <value>
                <![CDATA[chrome]]>
              </value>
            </param>
            <param index="1">
              <value>
                <![CDATA[org.testng.TestRunner@2bfbffb2]]>
              </value>
            </param>
          </params>
          <reporter-output>
          </reporter-output>
        </test-method> <!-- setUp -->
        <test-method signature="searchTestMiami()[pri:1, instance:test.searchTest@13acb0d1]" started-at="2020-03-24T21:35:19Z" name="searchTestMiami" finished-at="2020-03-24T21:35:45Z" duration-ms="26374" status="PASS">
          <reporter-output>
          </reporter-output>
        </test-method> <!-- searchTestMiami -->
        <test-method is-config="true" signature="tearDown()[pri:0, instance:test.searchTest@13acb0d1]" started-at="2020-03-24T21:35:45Z" name="tearDown" finished-at="2020-03-24T21:35:46Z" duration-ms="903" status="PASS">
          <reporter-output>
          </reporter-output>
        </test-method> <!-- tearDown -->
        <test-method is-config="true" signature="setUp(java.lang.String, org.testng.ITestContext)[pri:0, instance:test.searchTest@13acb0d1]" started-at="2020-03-24T21:35:46Z" name="setUp" finished-at="2020-03-24T21:35:54Z" duration-ms="8318" status="PASS">
          <params>
            <param index="0">
              <value>
                <![CDATA[chrome]]>
              </value>
            </param>
            <param index="1">
              <value>
                <![CDATA[org.testng.TestRunner@2bfbffb2]]>
              </value>
            </param>
          </params>
          <reporter-output>
          </reporter-output>
        </test-method> <!-- setUp -->
        <test-method signature="searchTestLosAngeles()[pri:2, instance:test.searchTest@13acb0d1]" started-at="2020-03-24T21:35:54Z" name="searchTestLosAngeles" finished-at="2020-03-24T21:36:21Z" duration-ms="26531" status="PASS">
          <reporter-output>
          </reporter-output>
        </test-method> <!-- searchTestLosAngeles -->
        <test-method is-config="true" signature="tearDown()[pri:0, instance:test.searchTest@13acb0d1]" started-at="2020-03-24T21:36:21Z" name="tearDown" finished-at="2020-03-24T21:36:22Z" duration-ms="812" status="PASS">
          <reporter-output>
          </reporter-output>
        </test-method> <!-- tearDown -->
        <test-method is-config="true" signature="setUp(java.lang.String, org.testng.ITestContext)[pri:0, instance:test.searchTest@13acb0d1]" started-at="2020-03-24T21:36:22Z" name="setUp" finished-at="2020-03-24T21:36:30Z" duration-ms="8450" status="PASS">
          <params>
            <param index="0">
              <value>
                <![CDATA[chrome]]>
              </value>
            </param>
            <param index="1">
              <value>
                <![CDATA[org.testng.TestRunner@2bfbffb2]]>
              </value>
            </param>
          </params>
          <reporter-output>
          </reporter-output>
        </test-method> <!-- setUp -->
        <test-method signature="searchTestSeattle()[pri:3, instance:test.searchTest@13acb0d1]" started-at="2020-03-24T21:36:30Z" name="searchTestSeattle" finished-at="2020-03-24T21:36:56Z" duration-ms="26264" status="PASS">
          <reporter-output>
          </reporter-output>
        </test-method> <!-- searchTestSeattle -->
        <test-method is-config="true" signature="tearDown()[pri:0, instance:test.searchTest@13acb0d1]" started-at="2020-03-24T21:36:56Z" name="tearDown" finished-at="2020-03-24T21:36:57Z" duration-ms="792" status="PASS">
          <reporter-output>
          </reporter-output>
        </test-method> <!-- tearDown -->
      </class> <!-- test.searchTest -->
    </test> <!-- Regression -->
  </suite> <!-- Testing Property Searches -->
</testng-results>
